-------------------------------------------------------------------------------
Test set: com.clinchain.backend.config.JwtTokenProviderTest
-------------------------------------------------------------------------------
Tests run: 15, Failures: 2, Errors: 0, Skipped: 0, Time elapsed: 0.675 s <<< FAILURE! -- in com.clinchain.backend.config.JwtTokenProviderTest
com.clinchain.backend.config.JwtTokenProviderTest.testGetUsernameFromToken_WithEmptyUsername -- Time elapsed: 0.007 s <<< FAILURE!
org.opentest4j.AssertionFailedError: expected: <> but was: <null>
	at org.junit.jupiter.api.AssertionFailureBuilder.build(AssertionFailureBuilder.java:151)
	at org.junit.jupiter.api.AssertionFailureBuilder.buildAndThrow(AssertionFailureBuilder.java:132)
	at org.junit.jupiter.api.AssertEquals.failNotEqual(AssertEquals.java:197)
	at org.junit.jupiter.api.AssertEquals.assertEquals(AssertEquals.java:182)
	at org.junit.jupiter.api.AssertEquals.assertEquals(AssertEquals.java:177)
	at org.junit.jupiter.api.Assertions.assertEquals(Assertions.java:1145)
	at com.clinchain.backend.config.JwtTokenProviderTest.testGetUsernameFromToken_WithEmptyUsername(JwtTokenProviderTest.java:177)
	at java.base/java.lang.reflect.Method.invoke(Method.java:569)
	at java.base/java.util.ArrayList.forEach(ArrayList.java:1511)
	at java.base/java.util.ArrayList.forEach(ArrayList.java:1511)

com.clinchain.backend.config.JwtTokenProviderTest.testGenerateToken_MultipleTokensAreDifferent -- Time elapsed: 0.002 s <<< FAILURE!
org.opentest4j.AssertionFailedError: expected: not equal but was: <eyJhbGciOiJIUzUxMiJ9.eyJzdWIiOiJ1c2VyMSIsInJvbGUiOiJHUk9TU0lTVEUiLCJpYXQiOjE3NjY0MTIxNTEsImV4cCI6MTc2NjQ5ODU1MX0.aeUbxudI7NfKMtrZ5zLSSMwFGWrMn5Psuu5fSmAgcKlRvrOIbBW772rudlN7wb_D730gV55_tndOxnvvTO_KJg>
	at org.junit.jupiter.api.AssertionFailureBuilder.build(AssertionFailureBuilder.java:152)
	at org.junit.jupiter.api.AssertionFailureBuilder.buildAndThrow(AssertionFailureBuilder.java:132)
	at org.junit.jupiter.api.AssertNotEquals.failEqual(AssertNotEquals.java:277)
	at org.junit.jupiter.api.AssertNotEquals.assertNotEquals(AssertNotEquals.java:263)
	at org.junit.jupiter.api.AssertNotEquals.assertNotEquals(AssertNotEquals.java:258)
	at org.junit.jupiter.api.Assertions.assertNotEquals(Assertions.java:2819)
	at com.clinchain.backend.config.JwtTokenProviderTest.testGenerateToken_MultipleTokensAreDifferent(JwtTokenProviderTest.java:122)
	at java.base/java.lang.reflect.Method.invoke(Method.java:569)
	at java.base/java.util.ArrayList.forEach(ArrayList.java:1511)
	at java.base/java.util.ArrayList.forEach(ArrayList.java:1511)

