-------------------------------------------------------------------------------
Test set: com.clinchain.backend.exception.GlobalExceptionHandlerTest
-------------------------------------------------------------------------------
Tests run: 3, Failures: 2, Errors: 0, Skipped: 0, Time elapsed: 2.056 s <<< FAILURE! -- in com.clinchain.backend.exception.GlobalExceptionHandlerTest
com.clinchain.backend.exception.GlobalExceptionHandlerTest.testResourceNotFoundException_Returns404 -- Time elapsed: 0.011 s <<< FAILURE!
java.lang.AssertionError: Status expected:<404> but was:<403>
	at org.springframework.test.util.AssertionErrors.fail(AssertionErrors.java:59)
	at org.springframework.test.util.AssertionErrors.assertEquals(AssertionErrors.java:122)
	at org.springframework.test.web.servlet.result.StatusResultMatchers.lambda$matcher$9(StatusResultMatchers.java:637)
	at org.springframework.test.web.servlet.MockMvc$1.andExpect(MockMvc.java:214)
	at com.clinchain.backend.exception.GlobalExceptionHandlerTest.testResourceNotFoundException_Returns404(GlobalExceptionHandlerTest.java:25)
	at java.base/java.lang.reflect.Method.invoke(Method.java:569)
	at java.base/java.util.ArrayList.forEach(ArrayList.java:1511)
	at java.base/java.util.ArrayList.forEach(ArrayList.java:1511)

com.clinchain.backend.exception.GlobalExceptionHandlerTest.testUnauthorizedException_Returns401 -- Time elapsed: 0.006 s <<< FAILURE!
java.lang.AssertionError: Status expected:<401> but was:<403>
	at org.springframework.test.util.AssertionErrors.fail(AssertionErrors.java:59)
	at org.springframework.test.util.AssertionErrors.assertEquals(AssertionErrors.java:122)
	at org.springframework.test.web.servlet.result.StatusResultMatchers.lambda$matcher$9(StatusResultMatchers.java:637)
	at org.springframework.test.web.servlet.MockMvc$1.andExpect(MockMvc.java:214)
	at com.clinchain.backend.exception.GlobalExceptionHandlerTest.testUnauthorizedException_Returns401(GlobalExceptionHandlerTest.java:35)
	at java.base/java.lang.reflect.Method.invoke(Method.java:569)
	at java.base/java.util.ArrayList.forEach(ArrayList.java:1511)
	at java.base/java.util.ArrayList.forEach(ArrayList.java:1511)

