<?xml version="1.0" encoding="UTF-8"?>
<testsuite xmlns:xsi="http://www.w3.org/2001/XMLSchema-instance" xsi:noNamespaceSchemaLocation="https://maven.apache.org/surefire/maven-surefire-plugin/xsd/surefire-test-report-3.0.xsd" version="3.0" name="com.clinchain.backend.controller.LotControllerTest" time="1.527" tests="13" errors="0" skipped="0" failures="0">
  <properties>
[...]
</properties>
  <testcase name="testGetStats" classname="com.clinchain.backend.controller.LotControllerTest" time="0.019">
    <system-out><![CDATA[2025-12-22T15:02:40.042+01:00  INFO 26280 --- [ClinChain Backend] [           main] t.c.s.AnnotationConfigContextLoaderUtils : Could not detect default configuration classes for test class [com.clinchain.backend.controller.LotControllerTest]: LotControllerTest does not declare any static, non-private, non-final, nested classes annotated with @Configuration.
2025-12-22T15:02:40.048+01:00  INFO 26280 --- [ClinChain Backend] [           main] .b.t.c.SpringBootTestContextBootstrapper : Found @SpringBootConfiguration com.clinchain.backend.BackendApplication for test class com.clinchain.backend.controller.LotControllerTest

  .   ____          _            __ _ _
 /\\ / ___'_ __ _ _(_)_ __  __ _ \ \ \ \
( ( )\___ | '_ | '_| | '_ \/ _` | \ \ \ \
 \\/  ___)| |_)| | | | | || (_| |  ) ) ) )
  '  |____| .__|_| |_|_| |_\__, | / / / /
 =========|_|==============|___/=/_/_/_/
 :: Spring Boot ::                (v3.2.0)

2025-12-22T15:02:40.073+01:00  INFO 26280 --- [ClinChain Backend] [           main] c.c.b.controller.LotControllerTest       : Starting LotControllerTest using Java 17.0.16 with PID 26280 (started by samie in C:\Users\sami\Desktop\5MG\Flutter\backend-blockchain)
2025-12-22T15:02:40.073+01:00 DEBUG 26280 --- [ClinChain Backend] [           main] c.c.b.controller.LotControllerTest       : Running with Spring Boot v3.2.0, Spring v6.1.1
2025-12-22T15:02:40.073+01:00  INFO 26280 --- [ClinChain Backend] [           main] c.c.b.controller.LotControllerTest       : No active profile set, falling back to 1 default profile: "default"
2025-12-22T15:02:40.339+01:00  INFO 26280 --- [ClinChain Backend] [           main] .s.d.r.c.RepositoryConfigurationDelegate : Bootstrapping Spring Data JPA repositories in DEFAULT mode.
2025-12-22T15:02:40.370+01:00  INFO 26280 --- [ClinChain Backend] [           main] .s.d.r.c.RepositoryConfigurationDelegate : Finished Spring Data repository scanning in 30 ms. Found 3 JPA repository interfaces.
2025-12-22T15:02:40.528+01:00  INFO 26280 --- [ClinChain Backend] [           main] o.hibernate.jpa.internal.util.LogHelper  : HHH000204: Processing PersistenceUnitInfo [name: default]
2025-12-22T15:02:40.532+01:00  INFO 26280 --- [ClinChain Backend] [           main] o.h.c.internal.RegionFactoryInitiator    : HHH000026: Second-level cache disabled
2025-12-22T15:02:40.537+01:00  INFO 26280 --- [ClinChain Backend] [           main] o.s.o.j.p.SpringPersistenceUnitInfo      : No LoadTimeWeaver setup: ignoring JPA class transformer
2025-12-22T15:02:40.538+01:00  INFO 26280 --- [ClinChain Backend] [           main] com.zaxxer.hikari.HikariDataSource       : HikariPool-2 - Starting...
2025-12-22T15:02:40.538+01:00  INFO 26280 --- [ClinChain Backend] [           main] com.zaxxer.hikari.pool.HikariPool        : HikariPool-2 - Added connection conn10: url=jdbc:h2:mem:clinchain_db user=SA
2025-12-22T15:02:40.539+01:00  INFO 26280 --- [ClinChain Backend] [           main] com.zaxxer.hikari.HikariDataSource       : HikariPool-2 - Start completed.
2025-12-22T15:02:40.539+01:00  WARN 26280 --- [ClinChain Backend] [           main] org.hibernate.orm.deprecation            : HHH90000025: H2Dialect does not need to be specified explicitly using 'hibernate.dialect' (remove the property setting and it will be selected by default)
2025-12-22T15:02:40.587+01:00  INFO 26280 --- [ClinChain Backend] [           main] o.h.e.t.j.p.i.JtaPlatformInitiator       : HHH000489: No JTA platform available (set 'hibernate.transaction.jta.platform' to enable JTA platform integration)
2025-12-22T15:02:40.588+01:00 DEBUG 26280 --- [ClinChain Backend] [           main] org.hibernate.SQL                        : 
    drop table if exists lot_history cascade 
Hibernate: 
    drop table if exists lot_history cascade 
2025-12-22T15:02:40.590+01:00 DEBUG 26280 --- [ClinChain Backend] [           main] org.hibernate.SQL                        : 
    drop table if exists lots cascade 
Hibernate: 
    drop table if exists lots cascade 
2025-12-22T15:02:40.590+01:00 DEBUG 26280 --- [ClinChain Backend] [           main] org.hibernate.SQL                        : 
    drop table if exists users cascade 
Hibernate: 
    drop table if exists users cascade 
2025-12-22T15:02:40.591+01:00 DEBUG 26280 --- [ClinChain Backend] [           main] org.hibernate.SQL                        : 
    create table lot_history (
        id bigint generated by default as identity,
        timestamp timestamp(6) not null,
        actor varchar(50) not null,
        action varchar(255) not null,
        lot_id varchar(255) not null,
        primary key (id)
    )
Hibernate: 
    create table lot_history (
        id bigint generated by default as identity,
        timestamp timestamp(6) not null,
        actor varchar(50) not null,
        action varchar(255) not null,
        lot_id varchar(255) not null,
        primary key (id)
    )
2025-12-22T15:02:40.592+01:00 DEBUG 26280 --- [ClinChain Backend] [           main] org.hibernate.SQL                        : 
    create table lots (
        quantity integer not null,
        validated boolean not null,
        created_at timestamp(6) not null,
        created_by varchar(50) not null,
        status varchar(50) not null check (status in ('CREE_PAR_GROSSISTE','VALIDE_PAR_HOPITAL','EN_STOCK_PHARMACIE','ADMINISTRE')),
        id varchar(255) not null,
        med_name varchar(255) not null,
        primary key (id)
    )
Hibernate: 
    create table lots (
        quantity integer not null,
        validated boolean not null,
        created_at timestamp(6) not null,
        created_by varchar(50) not null,
        status varchar(50) not null check (status in ('CREE_PAR_GROSSISTE','VALIDE_PAR_HOPITAL','EN_STOCK_PHARMACIE','ADMINISTRE')),
        id varchar(255) not null,
        med_name varchar(255) not null,
        primary key (id)
    )
2025-12-22T15:02:40.593+01:00 DEBUG 26280 --- [ClinChain Backend] [           main] org.hibernate.SQL                        : 
    create table users (
        role varchar(20) not null check (role in ('GROSSISTE','HOPITALE','PHARMACIEN','INFIRMIER')),
        username varchar(50) not null unique,
        id varchar(255) not null,
        password varchar(255) not null,
        primary key (id)
    )
Hibernate: 
    create table users (
        role varchar(20) not null check (role in ('GROSSISTE','HOPITALE','PHARMACIEN','INFIRMIER')),
        username varchar(50) not null unique,
        id varchar(255) not null,
        password varchar(255) not null,
        primary key (id)
    )
2025-12-22T15:02:40.594+01:00 DEBUG 26280 --- [ClinChain Backend] [           main] org.hibernate.SQL                        : 
    alter table if exists lot_history 
       add constraint FK4gwybo79k6na4a59dc5rhfc9q 
       foreign key (lot_id) 
       references lots
Hibernate: 
    alter table if exists lot_history 
       add constraint FK4gwybo79k6na4a59dc5rhfc9q 
       foreign key (lot_id) 
       references lots
2025-12-22T15:02:40.595+01:00  INFO 26280 --- [ClinChain Backend] [           main] j.LocalContainerEntityManagerFactoryBean : Initialized JPA EntityManagerFactory for persistence unit 'default'
2025-12-22T15:02:40.708+01:00  WARN 26280 --- [ClinChain Backend] [           main] JpaBaseConfiguration$JpaWebConfiguration : spring.jpa.open-in-view is enabled by default. Therefore, database queries may be performed during view rendering. Explicitly configure spring.jpa.open-in-view to disable this warning
2025-12-22T15:02:40.714+01:00  WARN 26280 --- [ClinChain Backend] [           main] .s.s.UserDetailsServiceAutoConfiguration : 

Using generated security password: 6e0dcacb-1ee6-429f-bb79-d3bbe5efa5d6

This generated password is for development use only. Your security configuration must be updated before running your application in production.

2025-12-22T15:02:40.803+01:00  INFO 26280 --- [ClinChain Backend] [           main] o.s.s.web.DefaultSecurityFilterChain     : Will secure any request with [org.springframework.security.web.session.DisableEncodeUrlFilter@6a5929a2, org.springframework.security.web.context.request.async.WebAsyncManagerIntegrationFilter@6f8c22b2, org.springframework.security.web.context.SecurityContextHolderFilter@2267faa3, org.springframework.security.web.header.HeaderWriterFilter@5bf42283, org.springframework.web.filter.CorsFilter@4c3909cc, org.springframework.security.web.authentication.logout.LogoutFilter@24a42e9d, com.clinchain.backend.config.JwtAuthenticationFilter@330e399a, org.springframework.security.web.savedrequest.RequestCacheAwareFilter@3826510a, org.springframework.security.web.servletapi.SecurityContextHolderAwareRequestFilter@423c8cb7, org.springframework.security.web.authentication.AnonymousAuthenticationFilter@458e82d4, org.springframework.security.web.session.SessionManagementFilter@5145512c, org.springframework.security.web.access.ExceptionTranslationFilter@61bf6c81, org.springframework.security.web.access.intercept.AuthorizationFilter@87fed41]
2025-12-22T15:02:40.969+01:00  INFO 26280 --- [ClinChain Backend] [           main] o.s.b.a.h2.H2ConsoleAutoConfiguration    : H2 console available at '/h2-console'. Database available at 'jdbc:h2:mem:clinchain_db'
2025-12-22T15:02:40.989+01:00 DEBUG 26280 --- [ClinChain Backend] [           main] c.c.b.config.JwtAuthenticationFilter     : Filter 'jwtAuthenticationFilter' configured for use
2025-12-22T15:02:40.989+01:00  INFO 26280 --- [ClinChain Backend] [           main] o.s.b.t.m.w.SpringBootMockServletContext : Initializing Spring TestDispatcherServlet ''
2025-12-22T15:02:40.989+01:00  INFO 26280 --- [ClinChain Backend] [           main] o.s.t.web.servlet.TestDispatcherServlet  : Initializing Servlet ''
2025-12-22T15:02:40.989+01:00  INFO 26280 --- [ClinChain Backend] [           main] o.s.t.web.servlet.TestDispatcherServlet  : Completed initialization in 0 ms
2025-12-22T15:02:40.998+01:00  INFO 26280 --- [ClinChain Backend] [           main] c.c.b.controller.LotControllerTest       : Started LotControllerTest in 0.945 seconds (process running for 14.029)
2025-12-22T15:02:41.001+01:00 DEBUG 26280 --- [ClinChain Backend] [           main] org.hibernate.SQL                        : 
    select
        count(*) 
    from
        users u1_0
Hibernate: 
    select
        count(*) 
    from
        users u1_0
2025-12-22T15:02:41.003+01:00  INFO 26280 --- [ClinChain Backend] [           main] c.clinchain.backend.config.DataSeeder    : Seeding default users...
2025-12-22T15:02:41.084+01:00 DEBUG 26280 --- [ClinChain Backend] [           main] org.hibernate.SQL                        : 
    select
        u1_0.id,
        u1_0.password,
        u1_0.role,
        u1_0.username 
    from
        users u1_0 
    where
        u1_0.id=?
Hibernate: 
    select
        u1_0.id,
        u1_0.password,
        u1_0.role,
        u1_0.username 
    from
        users u1_0 
    where
        u1_0.id=?
2025-12-22T15:02:41.086+01:00 DEBUG 26280 --- [ClinChain Backend] [           main] org.hibernate.SQL                        : 
    insert 
    into
        users
        (password, role, username, id) 
    values
        (?, ?, ?, ?)
Hibernate: 
    insert 
    into
        users
        (password, role, username, id) 
    values
        (?, ?, ?, ?)
2025-12-22T15:02:41.178+01:00 DEBUG 26280 --- [ClinChain Backend] [           main] org.hibernate.SQL                        : 
    select
        u1_0.id,
        u1_0.password,
        u1_0.role,
        u1_0.username 
    from
        users u1_0 
    where
        u1_0.id=?
Hibernate: 
    select
        u1_0.id,
        u1_0.password,
        u1_0.role,
        u1_0.username 
    from
        users u1_0 
    where
        u1_0.id=?
2025-12-22T15:02:41.179+01:00 DEBUG 26280 --- [ClinChain Backend] [           main] org.hibernate.SQL                        : 
    insert 
    into
        users
        (password, role, username, id) 
    values
        (?, ?, ?, ?)
Hibernate: 
    insert 
    into
        users
        (password, role, username, id) 
    values
        (?, ?, ?, ?)
2025-12-22T15:02:41.264+01:00 DEBUG 26280 --- [ClinChain Backend] [           main] org.hibernate.SQL                        : 
    select
        u1_0.id,
        u1_0.password,
        u1_0.role,
        u1_0.username 
    from
        users u1_0 
    where
        u1_0.id=?
Hibernate: 
    select
        u1_0.id,
        u1_0.password,
        u1_0.role,
        u1_0.username 
    from
        users u1_0 
    where
        u1_0.id=?
2025-12-22T15:02:41.266+01:00 DEBUG 26280 --- [ClinChain Backend] [           main] org.hibernate.SQL                        : 
    insert 
    into
        users
        (password, role, username, id) 
    values
        (?, ?, ?, ?)
Hibernate: 
    insert 
    into
        users
        (password, role, username, id) 
    values
        (?, ?, ?, ?)
2025-12-22T15:02:41.367+01:00 DEBUG 26280 --- [ClinChain Backend] [           main] org.hibernate.SQL                        : 
    select
        u1_0.id,
        u1_0.password,
        u1_0.role,
        u1_0.username 
    from
        users u1_0 
    where
        u1_0.id=?
Hibernate: 
    select
        u1_0.id,
        u1_0.password,
        u1_0.role,
        u1_0.username 
    from
        users u1_0 
    where
        u1_0.id=?
2025-12-22T15:02:41.368+01:00 DEBUG 26280 --- [ClinChain Backend] [           main] org.hibernate.SQL                        : 
    insert 
    into
        users
        (password, role, username, id) 
    values
        (?, ?, ?, ?)
Hibernate: 
    insert 
    into
        users
        (password, role, username, id) 
    values
        (?, ?, ?, ?)
2025-12-22T15:02:41.369+01:00  INFO 26280 --- [ClinChain Backend] [           main] c.clinchain.backend.config.DataSeeder    : ? Default users created successfully:
2025-12-22T15:02:41.369+01:00  INFO 26280 --- [ClinChain Backend] [           main] c.clinchain.backend.config.DataSeeder    :    - grossiste/password (GROSSISTE)
2025-12-22T15:02:41.369+01:00  INFO 26280 --- [ClinChain Backend] [           main] c.clinchain.backend.config.DataSeeder    :    - hopitale/password (HOPITALE)
2025-12-22T15:02:41.369+01:00  INFO 26280 --- [ClinChain Backend] [           main] c.clinchain.backend.config.DataSeeder    :    - pharmacien/password (PHARMACIEN)
2025-12-22T15:02:41.369+01:00  INFO 26280 --- [ClinChain Backend] [           main] c.clinchain.backend.config.DataSeeder    :    - infirmier/password (INFIRMIER)
]]></system-out>
  </testcase>
  <testcase name="testSearchLots" classname="com.clinchain.backend.controller.LotControllerTest" time="0.034"/>
  <testcase name="testAdministerLot_Success" classname="com.clinchain.backend.controller.LotControllerTest" time="0.03"/>
  <testcase name="testGetAllLots_Paginated" classname="com.clinchain.backend.controller.LotControllerTest" time="0.01"/>
  <testcase name="testGetLotById_Success" classname="com.clinchain.backend.controller.LotControllerTest" time="0.006"/>
  <testcase name="testGetAllLots" classname="com.clinchain.backend.controller.LotControllerTest" time="0.007"/>
  <testcase name="testValidateLot_Success" classname="com.clinchain.backend.controller.LotControllerTest" time="0.009"/>
  <testcase name="testCreateLot_Success" classname="com.clinchain.backend.controller.LotControllerTest" time="0.024"/>
  <testcase name="testGetLotById_NotFound" classname="com.clinchain.backend.controller.LotControllerTest" time="0.008"/>
  <testcase name="testAddHistory_Success" classname="com.clinchain.backend.controller.LotControllerTest" time="0.009"/>
  <testcase name="testGetBlockchainState" classname="com.clinchain.backend.controller.LotControllerTest" time="0.009"/>
  <testcase name="testMarkInPharmacy_Success" classname="com.clinchain.backend.controller.LotControllerTest" time="0.006"/>
  <testcase name="testWithdrawFromLot_Success" classname="com.clinchain.backend.controller.LotControllerTest" time="0.011"/>
</testsuite>