<?xml version="1.0" encoding="UTF-8"?>
<testsuite xmlns:xsi="http://www.w3.org/2001/XMLSchema-instance" xsi:noNamespaceSchemaLocation="https://maven.apache.org/surefire/maven-surefire-plugin/xsd/surefire-test-report-3.0.xsd" version="3.0" name="com.clinchain.backend.blockchain.SupplyChainGatewayTest" time="0.675" tests="9" errors="9" skipped="0" failures="0">
  <properties>
[...]
</properties>
  <testcase name="testAdministerPatient_Success" classname="com.clinchain.backend.blockchain.SupplyChainGatewayTest" time="0.556">
    <error message="Cannot invoke &quot;org.web3j.protocol.core.RemoteFunctionCall.send()&quot; because the return value of &quot;com.clinchain.backend.blockchain.SupplyChain.administrerPatient(java.math.BigInteger)&quot; is null" type="java.lang.NullPointerException"><![CDATA[java.lang.NullPointerException: Cannot invoke "org.web3j.protocol.core.RemoteFunctionCall.send()" because the return value of "com.clinchain.backend.blockchain.SupplyChain.administrerPatient(java.math.BigInteger)" is null
	at com.clinchain.backend.blockchain.SupplyChainGatewayTest.testAdministerPatient_Success(SupplyChainGatewayTest.java:110)
	at java.base/java.lang.reflect.Method.invoke(Method.java:569)
	at java.base/java.util.ArrayList.forEach(ArrayList.java:1511)
	at java.base/java.util.ArrayList.forEach(ArrayList.java:1511)
]]></error>
  </testcase>
  <testcase name="testGetLotFromBlockchain_Success" classname="com.clinchain.backend.blockchain.SupplyChainGatewayTest" time="0.032">
    <error message="Cannot invoke &quot;org.web3j.protocol.core.RemoteFunctionCall.send()&quot; because the return value of &quot;com.clinchain.backend.blockchain.SupplyChain.lots(java.math.BigInteger)&quot; is null" type="java.lang.NullPointerException"><![CDATA[java.lang.NullPointerException: Cannot invoke "org.web3j.protocol.core.RemoteFunctionCall.send()" because the return value of "com.clinchain.backend.blockchain.SupplyChain.lots(java.math.BigInteger)" is null
	at com.clinchain.backend.blockchain.SupplyChainGatewayTest.testGetLotFromBlockchain_Success(SupplyChainGatewayTest.java:148)
	at java.base/java.lang.reflect.Method.invoke(Method.java:569)
	at java.base/java.util.ArrayList.forEach(ArrayList.java:1511)
	at java.base/java.util.ArrayList.forEach(ArrayList.java:1511)
]]></error>
  </testcase>
  <testcase name="testMettreEnPharmacie_Success" classname="com.clinchain.backend.blockchain.SupplyChainGatewayTest" time="0.006">
    <error message="Cannot invoke &quot;org.web3j.protocol.core.RemoteFunctionCall.send()&quot; because the return value of &quot;com.clinchain.backend.blockchain.SupplyChain.mettreEnPharmacie(java.math.BigInteger)&quot; is null" type="java.lang.NullPointerException"><![CDATA[java.lang.NullPointerException: Cannot invoke "org.web3j.protocol.core.RemoteFunctionCall.send()" because the return value of "com.clinchain.backend.blockchain.SupplyChain.mettreEnPharmacie(java.math.BigInteger)" is null
	at com.clinchain.backend.blockchain.SupplyChainGatewayTest.testMettreEnPharmacie_Success(SupplyChainGatewayTest.java:95)
	at java.base/java.lang.reflect.Method.invoke(Method.java:569)
	at java.base/java.util.ArrayList.forEach(ArrayList.java:1511)
	at java.base/java.util.ArrayList.forEach(ArrayList.java:1511)
]]></error>
  </testcase>
  <testcase name="testCreerLot_BlockchainError" classname="com.clinchain.backend.blockchain.SupplyChainGatewayTest" time="0.005">
    <error message="Cannot invoke &quot;org.web3j.protocol.core.RemoteFunctionCall.send()&quot; because the return value of &quot;com.clinchain.backend.blockchain.SupplyChain.creerLot(java.math.BigInteger, String)&quot; is null" type="java.lang.NullPointerException"><![CDATA[java.lang.NullPointerException: Cannot invoke "org.web3j.protocol.core.RemoteFunctionCall.send()" because the return value of "com.clinchain.backend.blockchain.SupplyChain.creerLot(java.math.BigInteger, String)" is null
	at com.clinchain.backend.blockchain.SupplyChainGatewayTest.testCreerLot_BlockchainError(SupplyChainGatewayTest.java:125)
	at java.base/java.lang.reflect.Method.invoke(Method.java:569)
	at java.base/java.util.ArrayList.forEach(ArrayList.java:1511)
	at java.base/java.util.ArrayList.forEach(ArrayList.java:1511)
]]></error>
  </testcase>
  <testcase name="testGetLotFromBlockchain_StatusMapping" classname="com.clinchain.backend.blockchain.SupplyChainGatewayTest" time="0.005">
    <error message="Cannot invoke &quot;org.web3j.protocol.core.RemoteFunctionCall.send()&quot; because the return value of &quot;com.clinchain.backend.blockchain.SupplyChain.lots(java.math.BigInteger)&quot; is null" type="java.lang.NullPointerException"><![CDATA[java.lang.NullPointerException: Cannot invoke "org.web3j.protocol.core.RemoteFunctionCall.send()" because the return value of "com.clinchain.backend.blockchain.SupplyChain.lots(java.math.BigInteger)" is null
	at com.clinchain.backend.blockchain.SupplyChainGatewayTest.testGetLotFromBlockchain_StatusMapping(SupplyChainGatewayTest.java:174)
	at java.base/java.lang.reflect.Method.invoke(Method.java:569)
	at java.base/java.util.ArrayList.forEach(ArrayList.java:1511)
	at java.base/java.util.ArrayList.forEach(ArrayList.java:1511)
]]></error>
  </testcase>
  <testcase name="testGetLotFromBlockchain_InvalidUUID" classname="com.clinchain.backend.blockchain.SupplyChainGatewayTest" time="0.035">
    <error message="&#10;Unnecessary stubbings detected.&#10;Clean &amp; maintainable test code requires zero unnecessary code.&#10;Following stubbings are unnecessary (click to navigate to relevant line of code):&#10;  1. -&gt; at com.clinchain.backend.blockchain.SupplyChainGatewayTest.setUp(SupplyChainGatewayTest.java:54)&#10;  2. -&gt; at com.clinchain.backend.blockchain.SupplyChainGatewayTest.setUp(SupplyChainGatewayTest.java:55)&#10;  3. -&gt; at com.clinchain.backend.blockchain.SupplyChainGatewayTest.setUp(SupplyChainGatewayTest.java:56)&#10;  4. -&gt; at com.clinchain.backend.blockchain.SupplyChainGatewayTest.testGetLotFromBlockchain_InvalidUUID(SupplyChainGatewayTest.java:188)&#10;Please remove unnecessary stubbings or use &apos;lenient&apos; strictness. More info: javadoc for UnnecessaryStubbingException class." type="org.mockito.exceptions.misusing.UnnecessaryStubbingException"><![CDATA[org.mockito.exceptions.misusing.UnnecessaryStubbingException: 

Unnecessary stubbings detected.
Clean & maintainable test code requires zero unnecessary code.
Following stubbings are unnecessary (click to navigate to relevant line of code):
  1. -> at com.clinchain.backend.blockchain.SupplyChainGatewayTest.setUp(SupplyChainGatewayTest.java:54)
  2. -> at com.clinchain.backend.blockchain.SupplyChainGatewayTest.setUp(SupplyChainGatewayTest.java:55)
  3. -> at com.clinchain.backend.blockchain.SupplyChainGatewayTest.setUp(SupplyChainGatewayTest.java:56)
  4. -> at com.clinchain.backend.blockchain.SupplyChainGatewayTest.testGetLotFromBlockchain_InvalidUUID(SupplyChainGatewayTest.java:188)
Please remove unnecessary stubbings or use 'lenient' strictness. More info: javadoc for UnnecessaryStubbingException class.
	at org.mockito.junit.jupiter.MockitoExtension.afterEach(MockitoExtension.java:192)
	at java.base/java.util.ArrayList.forEach(ArrayList.java:1511)
	at java.base/java.util.ArrayList.forEach(ArrayList.java:1511)
]]></error>
    <system-out><![CDATA[15:02:30.478 [main] ERROR com.clinchain.backend.blockchain.SupplyChainGateway -- Failed to retrieve lot invalid-uuid from blockchain
java.lang.IllegalArgumentException: Invalid UUID string: invalid-uuid
	at java.base/java.util.UUID.fromString1(UUID.java:280)
	at java.base/java.util.UUID.fromString(UUID.java:258)
	at com.clinchain.backend.blockchain.SupplyChainGateway.toUint(SupplyChainGateway.java:112)
	at com.clinchain.backend.blockchain.SupplyChainGateway.getLotFromBlockchain(SupplyChainGateway.java:50)
	at com.clinchain.backend.blockchain.SupplyChainGatewayTest.lambda$testGetLotFromBlockchain_InvalidUUID$1(SupplyChainGatewayTest.java:192)
	at org.junit.jupiter.api.AssertThrows.assertThrows(AssertThrows.java:53)
	at org.junit.jupiter.api.AssertThrows.assertThrows(AssertThrows.java:35)
	at org.junit.jupiter.api.Assertions.assertThrows(Assertions.java:3115)
	at com.clinchain.backend.blockchain.SupplyChainGatewayTest.testGetLotFromBlockchain_InvalidUUID(SupplyChainGatewayTest.java:191)
	at java.base/jdk.internal.reflect.NativeMethodAccessorImpl.invoke0(Native Method)
	at java.base/jdk.internal.reflect.NativeMethodAccessorImpl.invoke(NativeMethodAccessorImpl.java:77)
	at java.base/jdk.internal.reflect.DelegatingMethodAccessorImpl.invoke(DelegatingMethodAccessorImpl.java:43)
	at java.base/java.lang.reflect.Method.invoke(Method.java:569)
	at org.junit.platform.commons.util.ReflectionUtils.invokeMethod(ReflectionUtils.java:728)
	at org.junit.jupiter.engine.execution.MethodInvocation.proceed(MethodInvocation.java:60)
	at org.junit.jupiter.engine.execution.InvocationInterceptorChain$ValidatingInvocation.proceed(InvocationInterceptorChain.java:131)
	at org.junit.jupiter.engine.extension.TimeoutExtension.intercept(TimeoutExtension.java:156)
	at org.junit.jupiter.engine.extension.TimeoutExtension.interceptTestableMethod(TimeoutExtension.java:147)
	at org.junit.jupiter.engine.extension.TimeoutExtension.interceptTestMethod(TimeoutExtension.java:86)
	at org.junit.jupiter.engine.execution.InterceptingExecutableInvoker$ReflectiveInterceptorCall.lambda$ofVoidMethod$0(InterceptingExecutableInvoker.java:103)
	at org.junit.jupiter.engine.execution.InterceptingExecutableInvoker.lambda$invoke$0(InterceptingExecutableInvoker.java:93)
	at org.junit.jupiter.engine.execution.InvocationInterceptorChain$InterceptedInvocation.proceed(InvocationInterceptorChain.java:106)
	at org.junit.jupiter.engine.execution.InvocationInterceptorChain.proceed(InvocationInterceptorChain.java:64)
	at org.junit.jupiter.engine.execution.InvocationInterceptorChain.chainAndInvoke(InvocationInterceptorChain.java:45)
	at org.junit.jupiter.engine.execution.InvocationInterceptorChain.invoke(InvocationInterceptorChain.java:37)
	at org.junit.jupiter.engine.execution.InterceptingExecutableInvoker.invoke(InterceptingExecutableInvoker.java:92)
	at org.junit.jupiter.engine.execution.InterceptingExecutableInvoker.invoke(InterceptingExecutableInvoker.java:86)
	at org.junit.jupiter.engine.descriptor.TestMethodTestDescriptor.lambda$invokeTestMethod$7(TestMethodTestDescriptor.java:218)
	at org.junit.platform.engine.support.hierarchical.ThrowableCollector.execute(ThrowableCollector.java:73)
	at org.junit.jupiter.engine.descriptor.TestMethodTestDescriptor.invokeTestMethod(TestMethodTestDescriptor.java:214)
	at org.junit.jupiter.engine.descriptor.TestMethodTestDescriptor.execute(TestMethodTestDescriptor.java:139)
	at org.junit.jupiter.engine.descriptor.TestMethodTestDescriptor.execute(TestMethodTestDescriptor.java:69)
	at org.junit.platform.engine.support.hierarchical.NodeTestTask.lambda$executeRecursively$6(NodeTestTask.java:151)
	at org.junit.platform.engine.support.hierarchical.ThrowableCollector.execute(ThrowableCollector.java:73)
	at org.junit.platform.engine.support.hierarchical.NodeTestTask.lambda$executeRecursively$8(NodeTestTask.java:141)
	at org.junit.platform.engine.support.hierarchical.Node.around(Node.java:137)
	at org.junit.platform.engine.support.hierarchical.NodeTestTask.lambda$executeRecursively$9(NodeTestTask.java:139)
	at org.junit.platform.engine.support.hierarchical.ThrowableCollector.execute(ThrowableCollector.java:73)
	at org.junit.platform.engine.support.hierarchical.NodeTestTask.executeRecursively(NodeTestTask.java:138)
	at org.junit.platform.engine.support.hierarchical.NodeTestTask.execute(NodeTestTask.java:95)
	at java.base/java.util.ArrayList.forEach(ArrayList.java:1511)
	at org.junit.platform.engine.support.hierarchical.SameThreadHierarchicalTestExecutorService.invokeAll(SameThreadHierarchicalTestExecutorService.java:41)
	at org.junit.platform.engine.support.hierarchical.NodeTestTask.lambda$executeRecursively$6(NodeTestTask.java:155)
	at org.junit.platform.engine.support.hierarchical.ThrowableCollector.execute(ThrowableCollector.java:73)
	at org.junit.platform.engine.support.hierarchical.NodeTestTask.lambda$executeRecursively$8(NodeTestTask.java:141)
	at org.junit.platform.engine.support.hierarchical.Node.around(Node.java:137)
	at org.junit.platform.engine.support.hierarchical.NodeTestTask.lambda$executeRecursively$9(NodeTestTask.java:139)
	at org.junit.platform.engine.support.hierarchical.ThrowableCollector.execute(ThrowableCollector.java:73)
	at org.junit.platform.engine.support.hierarchical.NodeTestTask.executeRecursively(NodeTestTask.java:138)
	at org.junit.platform.engine.support.hierarchical.NodeTestTask.execute(NodeTestTask.java:95)
	at java.base/java.util.ArrayList.forEach(ArrayList.java:1511)
	at org.junit.platform.engine.support.hierarchical.SameThreadHierarchicalTestExecutorService.invokeAll(SameThreadHierarchicalTestExecutorService.java:41)
	at org.junit.platform.engine.support.hierarchical.NodeTestTask.lambda$executeRecursively$6(NodeTestTask.java:155)
	at org.junit.platform.engine.support.hierarchical.ThrowableCollector.execute(ThrowableCollector.java:73)
	at org.junit.platform.engine.support.hierarchical.NodeTestTask.lambda$executeRecursively$8(NodeTestTask.java:141)
	at org.junit.platform.engine.support.hierarchical.Node.around(Node.java:137)
	at org.junit.platform.engine.support.hierarchical.NodeTestTask.lambda$executeRecursively$9(NodeTestTask.java:139)
	at org.junit.platform.engine.support.hierarchical.ThrowableCollector.execute(ThrowableCollector.java:73)
	at org.junit.platform.engine.support.hierarchical.NodeTestTask.executeRecursively(NodeTestTask.java:138)
	at org.junit.platform.engine.support.hierarchical.NodeTestTask.execute(NodeTestTask.java:95)
	at org.junit.platform.engine.support.hierarchical.SameThreadHierarchicalTestExecutorService.submit(SameThreadHierarchicalTestExecutorService.java:35)
	at org.junit.platform.engine.support.hierarchical.HierarchicalTestExecutor.execute(HierarchicalTestExecutor.java:57)
	at org.junit.platform.engine.support.hierarchical.HierarchicalTestEngine.execute(HierarchicalTestEngine.java:54)
	at org.junit.platform.launcher.core.EngineExecutionOrchestrator.execute(EngineExecutionOrchestrator.java:198)
	at org.junit.platform.launcher.core.EngineExecutionOrchestrator.execute(EngineExecutionOrchestrator.java:169)
	at org.junit.platform.launcher.core.EngineExecutionOrchestrator.execute(EngineExecutionOrchestrator.java:93)
	at org.junit.platform.launcher.core.EngineExecutionOrchestrator.lambda$execute$0(EngineExecutionOrchestrator.java:58)
	at org.junit.platform.launcher.core.EngineExecutionOrchestrator.withInterceptedStreams(EngineExecutionOrchestrator.java:141)
	at org.junit.platform.launcher.core.EngineExecutionOrchestrator.execute(EngineExecutionOrchestrator.java:57)
	at org.junit.platform.launcher.core.DefaultLauncher.execute(DefaultLauncher.java:103)
	at org.junit.platform.launcher.core.DefaultLauncher.execute(DefaultLauncher.java:85)
	at org.junit.platform.launcher.core.DelegatingLauncher.execute(DelegatingLauncher.java:47)
	at org.apache.maven.surefire.junitplatform.LazyLauncher.execute(LazyLauncher.java:56)
	at org.apache.maven.surefire.junitplatform.JUnitPlatformProvider.execute(JUnitPlatformProvider.java:184)
	at org.apache.maven.surefire.junitplatform.JUnitPlatformProvider.invokeAllTests(JUnitPlatformProvider.java:148)
	at org.apache.maven.surefire.junitplatform.JUnitPlatformProvider.invoke(JUnitPlatformProvider.java:122)
	at org.apache.maven.surefire.booter.ForkedBooter.runSuitesInProcess(ForkedBooter.java:385)
	at org.apache.maven.surefire.booter.ForkedBooter.execute(ForkedBooter.java:162)
	at org.apache.maven.surefire.booter.ForkedBooter.run(ForkedBooter.java:507)
	at org.apache.maven.surefire.booter.ForkedBooter.main(ForkedBooter.java:495)
]]></system-out>
  </testcase>
  <testcase name="testStatusMapping_AllStates" classname="com.clinchain.backend.blockchain.SupplyChainGatewayTest" time="0.01">
    <error message="Cannot invoke &quot;org.web3j.protocol.core.RemoteFunctionCall.send()&quot; because the return value of &quot;com.clinchain.backend.blockchain.SupplyChain.lots(java.math.BigInteger)&quot; is null" type="java.lang.NullPointerException"><![CDATA[java.lang.NullPointerException: Cannot invoke "org.web3j.protocol.core.RemoteFunctionCall.send()" because the return value of "com.clinchain.backend.blockchain.SupplyChain.lots(java.math.BigInteger)" is null
	at com.clinchain.backend.blockchain.SupplyChainGatewayTest.testStatusMapping_AllStates(SupplyChainGatewayTest.java:212)
	at java.base/java.lang.reflect.Method.invoke(Method.java:569)
	at java.base/java.util.ArrayList.forEach(ArrayList.java:1511)
	at java.base/java.util.ArrayList.forEach(ArrayList.java:1511)
]]></error>
  </testcase>
  <testcase name="testValiderReceptionHopital_Success" classname="com.clinchain.backend.blockchain.SupplyChainGatewayTest" time="0.004">
    <error message="Cannot invoke &quot;org.web3j.protocol.core.RemoteFunctionCall.send()&quot; because the return value of &quot;com.clinchain.backend.blockchain.SupplyChain.validerReceptionHopital(java.math.BigInteger)&quot; is null" type="java.lang.NullPointerException"><![CDATA[java.lang.NullPointerException: Cannot invoke "org.web3j.protocol.core.RemoteFunctionCall.send()" because the return value of "com.clinchain.backend.blockchain.SupplyChain.validerReceptionHopital(java.math.BigInteger)" is null
	at com.clinchain.backend.blockchain.SupplyChainGatewayTest.testValiderReceptionHopital_Success(SupplyChainGatewayTest.java:80)
	at java.base/java.lang.reflect.Method.invoke(Method.java:569)
	at java.base/java.util.ArrayList.forEach(ArrayList.java:1511)
	at java.base/java.util.ArrayList.forEach(ArrayList.java:1511)
]]></error>
  </testcase>
  <testcase name="testCreerLot_Success" classname="com.clinchain.backend.blockchain.SupplyChainGatewayTest" time="0.006">
    <error message="Cannot invoke &quot;org.web3j.protocol.core.RemoteFunctionCall.send()&quot; because the return value of &quot;com.clinchain.backend.blockchain.SupplyChain.creerLot(java.math.BigInteger, String)&quot; is null" type="java.lang.NullPointerException"><![CDATA[java.lang.NullPointerException: Cannot invoke "org.web3j.protocol.core.RemoteFunctionCall.send()" because the return value of "com.clinchain.backend.blockchain.SupplyChain.creerLot(java.math.BigInteger, String)" is null
	at com.clinchain.backend.blockchain.SupplyChainGatewayTest.testCreerLot_Success(SupplyChainGatewayTest.java:64)
	at java.base/java.lang.reflect.Method.invoke(Method.java:569)
	at java.base/java.util.ArrayList.forEach(ArrayList.java:1511)
	at java.base/java.util.ArrayList.forEach(ArrayList.java:1511)
]]></error>
  </testcase>
</testsuite>