<?xml version="1.0" encoding="UTF-8"?>
<testsuite xmlns:xsi="http://www.w3.org/2001/XMLSchema-instance" xsi:noNamespaceSchemaLocation="https://maven.apache.org/surefire/maven-surefire-plugin/xsd/surefire-test-report-3.0.xsd" version="3.0" name="com.clinchain.backend.controller.LotControllerTest" time="5.109" tests="14" errors="0" skipped="0" failures="6">
  <properties>
[...]
</properties>
  <testcase name="testGetStats" classname="com.clinchain.backend.controller.LotControllerTest" time="0.065">
    <failure message="Status expected:&lt;200&gt; but was:&lt;403&gt;" type="java.lang.AssertionError"><![CDATA[java.lang.AssertionError: Status expected:<200> but was:<403>
	at org.springframework.test.util.AssertionErrors.fail(AssertionErrors.java:59)
	at org.springframework.test.util.AssertionErrors.assertEquals(AssertionErrors.java:122)
	at org.springframework.test.web.servlet.result.StatusResultMatchers.lambda$matcher$9(StatusResultMatchers.java:637)
	at org.springframework.test.web.servlet.MockMvc$1.andExpect(MockMvc.java:214)
	at com.clinchain.backend.controller.LotControllerTest.testGetStats(LotControllerTest.java:140)
	at java.base/java.lang.reflect.Method.invoke(Method.java:569)
	at java.base/java.util.ArrayList.forEach(ArrayList.java:1511)
	at java.base/java.util.ArrayList.forEach(ArrayList.java:1511)
]]></failure>
    <system-out><![CDATA[2025-12-22T14:04:07.356+01:00  INFO 13380 --- [ClinChain Backend] [           main] t.c.s.AnnotationConfigContextLoaderUtils : Could not detect default configuration classes for test class [com.clinchain.backend.controller.LotControllerTest]: LotControllerTest does not declare any static, non-private, non-final, nested classes annotated with @Configuration.
2025-12-22T14:04:07.373+01:00  INFO 13380 --- [ClinChain Backend] [           main] .b.t.c.SpringBootTestContextBootstrapper : Found @SpringBootConfiguration com.clinchain.backend.BackendApplication for test class com.clinchain.backend.controller.LotControllerTest

  .   ____          _            __ _ _
 /\\ / ___'_ __ _ _(_)_ __  __ _ \ \ \ \
( ( )\___ | '_ | '_| | '_ \/ _` | \ \ \ \
 \\/  ___)| |_)| | | | | || (_| |  ) ) ) )
  '  |____| .__|_| |_|_| |_\__, | / / / /
 =========|_|==============|___/=/_/_/_/
 :: Spring Boot ::                (v3.2.0)

2025-12-22T14:04:07.463+01:00  INFO 13380 --- [ClinChain Backend] [           main] c.c.b.controller.LotControllerTest       : Starting LotControllerTest using Java 17.0.14 with PID 13380 (started by abdel in C:\Users\abdel\Desktop\backend-blockchain)
2025-12-22T14:04:07.464+01:00 DEBUG 13380 --- [ClinChain Backend] [           main] c.c.b.controller.LotControllerTest       : Running with Spring Boot v3.2.0, Spring v6.1.1
2025-12-22T14:04:07.464+01:00  INFO 13380 --- [ClinChain Backend] [           main] c.c.b.controller.LotControllerTest       : No active profile set, falling back to 1 default profile: "default"
2025-12-22T14:04:08.761+01:00  INFO 13380 --- [ClinChain Backend] [           main] .s.d.r.c.RepositoryConfigurationDelegate : Bootstrapping Spring Data JPA repositories in DEFAULT mode.
2025-12-22T14:04:08.838+01:00  INFO 13380 --- [ClinChain Backend] [           main] .s.d.r.c.RepositoryConfigurationDelegate : Finished Spring Data repository scanning in 75 ms. Found 3 JPA repository interfaces.
2025-12-22T14:04:09.353+01:00  INFO 13380 --- [ClinChain Backend] [           main] o.hibernate.jpa.internal.util.LogHelper  : HHH000204: Processing PersistenceUnitInfo [name: default]
2025-12-22T14:04:09.362+01:00  INFO 13380 --- [ClinChain Backend] [           main] o.h.c.internal.RegionFactoryInitiator    : HHH000026: Second-level cache disabled
2025-12-22T14:04:09.377+01:00  INFO 13380 --- [ClinChain Backend] [           main] o.s.o.j.p.SpringPersistenceUnitInfo      : No LoadTimeWeaver setup: ignoring JPA class transformer
2025-12-22T14:04:09.379+01:00  INFO 13380 --- [ClinChain Backend] [           main] com.zaxxer.hikari.HikariDataSource       : HikariPool-2 - Starting...
2025-12-22T14:04:09.380+01:00  INFO 13380 --- [ClinChain Backend] [           main] com.zaxxer.hikari.pool.HikariPool        : HikariPool-2 - Added connection conn10: url=jdbc:h2:mem:clinchain_db user=SA
2025-12-22T14:04:09.381+01:00  INFO 13380 --- [ClinChain Backend] [           main] com.zaxxer.hikari.HikariDataSource       : HikariPool-2 - Start completed.
2025-12-22T14:04:09.382+01:00  WARN 13380 --- [ClinChain Backend] [           main] org.hibernate.orm.deprecation            : HHH90000025: H2Dialect does not need to be specified explicitly using 'hibernate.dialect' (remove the property setting and it will be selected by default)
2025-12-22T14:04:09.567+01:00  INFO 13380 --- [ClinChain Backend] [           main] o.h.e.t.j.p.i.JtaPlatformInitiator       : HHH000489: No JTA platform available (set 'hibernate.transaction.jta.platform' to enable JTA platform integration)
2025-12-22T14:04:09.568+01:00 DEBUG 13380 --- [ClinChain Backend] [           main] org.hibernate.SQL                        : 
    drop table if exists lot_history cascade 
Hibernate: 
    drop table if exists lot_history cascade 
2025-12-22T14:04:09.573+01:00 DEBUG 13380 --- [ClinChain Backend] [           main] org.hibernate.SQL                        : 
    drop table if exists lots cascade 
Hibernate: 
    drop table if exists lots cascade 
2025-12-22T14:04:09.574+01:00 DEBUG 13380 --- [ClinChain Backend] [           main] org.hibernate.SQL                        : 
    drop table if exists users cascade 
Hibernate: 
    drop table if exists users cascade 
2025-12-22T14:04:09.576+01:00 DEBUG 13380 --- [ClinChain Backend] [           main] org.hibernate.SQL                        : 
    create table lot_history (
        id bigint generated by default as identity,
        timestamp timestamp(6) not null,
        actor varchar(50) not null,
        action varchar(255) not null,
        lot_id varchar(255) not null,
        primary key (id)
    )
Hibernate: 
    create table lot_history (
        id bigint generated by default as identity,
        timestamp timestamp(6) not null,
        actor varchar(50) not null,
        action varchar(255) not null,
        lot_id varchar(255) not null,
        primary key (id)
    )
2025-12-22T14:04:09.579+01:00 DEBUG 13380 --- [ClinChain Backend] [           main] org.hibernate.SQL                        : 
    create table lots (
        quantity integer not null,
        validated boolean not null,
        created_at timestamp(6) not null,
        created_by varchar(50) not null,
        status varchar(50) not null check (status in ('CREE_PAR_GROSSISTE','VALIDE_PAR_HOPITAL','EN_STOCK_PHARMACIE','ADMINISTRE')),
        id varchar(255) not null,
        med_name varchar(255) not null,
        primary key (id)
    )
Hibernate: 
    create table lots (
        quantity integer not null,
        validated boolean not null,
        created_at timestamp(6) not null,
        created_by varchar(50) not null,
        status varchar(50) not null check (status in ('CREE_PAR_GROSSISTE','VALIDE_PAR_HOPITAL','EN_STOCK_PHARMACIE','ADMINISTRE')),
        id varchar(255) not null,
        med_name varchar(255) not null,
        primary key (id)
    )
2025-12-22T14:04:09.582+01:00 DEBUG 13380 --- [ClinChain Backend] [           main] org.hibernate.SQL                        : 
    create table users (
        role varchar(20) not null check (role in ('GROSSISTE','HOPITALE','PHARMACIEN','INFIRMIER')),
        username varchar(50) not null unique,
        id varchar(255) not null,
        password varchar(255) not null,
        primary key (id)
    )
Hibernate: 
    create table users (
        role varchar(20) not null check (role in ('GROSSISTE','HOPITALE','PHARMACIEN','INFIRMIER')),
        username varchar(50) not null unique,
        id varchar(255) not null,
        password varchar(255) not null,
        primary key (id)
    )
2025-12-22T14:04:09.585+01:00 DEBUG 13380 --- [ClinChain Backend] [           main] org.hibernate.SQL                        : 
    alter table if exists lot_history 
       add constraint FK4gwybo79k6na4a59dc5rhfc9q 
       foreign key (lot_id) 
       references lots
Hibernate: 
    alter table if exists lot_history 
       add constraint FK4gwybo79k6na4a59dc5rhfc9q 
       foreign key (lot_id) 
       references lots
2025-12-22T14:04:09.589+01:00  INFO 13380 --- [ClinChain Backend] [           main] j.LocalContainerEntityManagerFactoryBean : Initialized JPA EntityManagerFactory for persistence unit 'default'
2025-12-22T14:04:10.012+01:00  WARN 13380 --- [ClinChain Backend] [           main] JpaBaseConfiguration$JpaWebConfiguration : spring.jpa.open-in-view is enabled by default. Therefore, database queries may be performed during view rendering. Explicitly configure spring.jpa.open-in-view to disable this warning
2025-12-22T14:04:10.053+01:00  WARN 13380 --- [ClinChain Backend] [           main] .s.s.UserDetailsServiceAutoConfiguration : 

Using generated security password: 3be1585e-8188-473e-8dbc-72dd1cf2db75

This generated password is for development use only. Your security configuration must be updated before running your application in production.

2025-12-22T14:04:10.339+01:00  INFO 13380 --- [ClinChain Backend] [           main] o.s.s.web.DefaultSecurityFilterChain     : Will secure any request with [org.springframework.security.web.session.DisableEncodeUrlFilter@6ed68a2e, org.springframework.security.web.context.request.async.WebAsyncManagerIntegrationFilter@336bb88c, org.springframework.security.web.context.SecurityContextHolderFilter@7ba6e5e3, org.springframework.security.web.header.HeaderWriterFilter@29cd9511, org.springframework.web.filter.CorsFilter@6de5e190, org.springframework.security.web.authentication.logout.LogoutFilter@12d9f737, com.clinchain.backend.config.JwtAuthenticationFilter@59d44c64, org.springframework.security.web.savedrequest.RequestCacheAwareFilter@4854fd1c, org.springframework.security.web.servletapi.SecurityContextHolderAwareRequestFilter@d748c1a, org.springframework.security.web.authentication.AnonymousAuthenticationFilter@1cedabb0, org.springframework.security.web.session.SessionManagementFilter@12c83e60, org.springframework.security.web.access.ExceptionTranslationFilter@2a333e5d, org.springframework.security.web.access.intercept.AuthorizationFilter@5437039a]
2025-12-22T14:04:10.883+01:00  INFO 13380 --- [ClinChain Backend] [           main] o.s.b.a.h2.H2ConsoleAutoConfiguration    : H2 console available at '/h2-console'. Database available at 'jdbc:h2:mem:clinchain_db'
2025-12-22T14:04:11.182+01:00 DEBUG 13380 --- [ClinChain Backend] [           main] c.c.b.config.JwtAuthenticationFilter     : Filter 'jwtAuthenticationFilter' configured for use
2025-12-22T14:04:11.182+01:00  INFO 13380 --- [ClinChain Backend] [           main] o.s.b.t.m.w.SpringBootMockServletContext : Initializing Spring TestDispatcherServlet ''
2025-12-22T14:04:11.182+01:00  INFO 13380 --- [ClinChain Backend] [           main] o.s.t.web.servlet.TestDispatcherServlet  : Initializing Servlet ''
2025-12-22T14:04:11.184+01:00  INFO 13380 --- [ClinChain Backend] [           main] o.s.t.web.servlet.TestDispatcherServlet  : Completed initialization in 2 ms
2025-12-22T14:04:11.219+01:00  INFO 13380 --- [ClinChain Backend] [           main] c.c.b.controller.LotControllerTest       : Started LotControllerTest in 3.839 seconds (process running for 30.513)
2025-12-22T14:04:11.232+01:00 DEBUG 13380 --- [ClinChain Backend] [           main] org.hibernate.SQL                        : 
    select
        count(*) 
    from
        users u1_0
Hibernate: 
    select
        count(*) 
    from
        users u1_0
2025-12-22T14:04:11.236+01:00  INFO 13380 --- [ClinChain Backend] [           main] c.clinchain.backend.config.DataSeeder    : Seeding default users...
2025-12-22T14:04:11.398+01:00 DEBUG 13380 --- [ClinChain Backend] [           main] org.hibernate.SQL                        : 
    select
        u1_0.id,
        u1_0.password,
        u1_0.role,
        u1_0.username 
    from
        users u1_0 
    where
        u1_0.id=?
Hibernate: 
    select
        u1_0.id,
        u1_0.password,
        u1_0.role,
        u1_0.username 
    from
        users u1_0 
    where
        u1_0.id=?
2025-12-22T14:04:11.409+01:00 DEBUG 13380 --- [ClinChain Backend] [           main] org.hibernate.SQL                        : 
    insert 
    into
        users
        (password, role, username, id) 
    values
        (?, ?, ?, ?)
Hibernate: 
    insert 
    into
        users
        (password, role, username, id) 
    values
        (?, ?, ?, ?)
2025-12-22T14:04:11.538+01:00 DEBUG 13380 --- [ClinChain Backend] [           main] org.hibernate.SQL                        : 
    select
        u1_0.id,
        u1_0.password,
        u1_0.role,
        u1_0.username 
    from
        users u1_0 
    where
        u1_0.id=?
Hibernate: 
    select
        u1_0.id,
        u1_0.password,
        u1_0.role,
        u1_0.username 
    from
        users u1_0 
    where
        u1_0.id=?
2025-12-22T14:04:11.540+01:00 DEBUG 13380 --- [ClinChain Backend] [           main] org.hibernate.SQL                        : 
    insert 
    into
        users
        (password, role, username, id) 
    values
        (?, ?, ?, ?)
Hibernate: 
    insert 
    into
        users
        (password, role, username, id) 
    values
        (?, ?, ?, ?)
2025-12-22T14:04:11.660+01:00 DEBUG 13380 --- [ClinChain Backend] [           main] org.hibernate.SQL                        : 
    select
        u1_0.id,
        u1_0.password,
        u1_0.role,
        u1_0.username 
    from
        users u1_0 
    where
        u1_0.id=?
Hibernate: 
    select
        u1_0.id,
        u1_0.password,
        u1_0.role,
        u1_0.username 
    from
        users u1_0 
    where
        u1_0.id=?
2025-12-22T14:04:11.661+01:00 DEBUG 13380 --- [ClinChain Backend] [           main] org.hibernate.SQL                        : 
    insert 
    into
        users
        (password, role, username, id) 
    values
        (?, ?, ?, ?)
Hibernate: 
    insert 
    into
        users
        (password, role, username, id) 
    values
        (?, ?, ?, ?)
2025-12-22T14:04:11.774+01:00 DEBUG 13380 --- [ClinChain Backend] [           main] org.hibernate.SQL                        : 
    select
        u1_0.id,
        u1_0.password,
        u1_0.role,
        u1_0.username 
    from
        users u1_0 
    where
        u1_0.id=?
Hibernate: 
    select
        u1_0.id,
        u1_0.password,
        u1_0.role,
        u1_0.username 
    from
        users u1_0 
    where
        u1_0.id=?
2025-12-22T14:04:11.776+01:00 DEBUG 13380 --- [ClinChain Backend] [           main] org.hibernate.SQL                        : 
    insert 
    into
        users
        (password, role, username, id) 
    values
        (?, ?, ?, ?)
Hibernate: 
    insert 
    into
        users
        (password, role, username, id) 
    values
        (?, ?, ?, ?)
2025-12-22T14:04:11.777+01:00  INFO 13380 --- [ClinChain Backend] [           main] c.clinchain.backend.config.DataSeeder    : ? Default users created successfully:
2025-12-22T14:04:11.778+01:00  INFO 13380 --- [ClinChain Backend] [           main] c.clinchain.backend.config.DataSeeder    :    - grossiste/password (GROSSISTE)
2025-12-22T14:04:11.778+01:00  INFO 13380 --- [ClinChain Backend] [           main] c.clinchain.backend.config.DataSeeder    :    - hopitale/password (HOPITALE)
2025-12-22T14:04:11.778+01:00  INFO 13380 --- [ClinChain Backend] [           main] c.clinchain.backend.config.DataSeeder    :    - pharmacien/password (PHARMACIEN)
2025-12-22T14:04:11.778+01:00  INFO 13380 --- [ClinChain Backend] [           main] c.clinchain.backend.config.DataSeeder    :    - infirmier/password (INFIRMIER)

MockHttpServletRequest:
      HTTP Method = GET
      Request URI = /lots/stats
       Parameters = {}
          Headers = [Content-Type:"application/json;charset=UTF-8"]
             Body = null
    Session Attrs = {}

Handler:
             Type = null

Async:
    Async started = false
     Async result = null

Resolved Exception:
             Type = null

ModelAndView:
        View name = null
             View = null
            Model = null

FlashMap:
       Attributes = null

MockHttpServletResponse:
           Status = 403
    Error message = Access Denied
          Headers = [Vary:"Origin", "Access-Control-Request-Method", "Access-Control-Request-Headers", X-Content-Type-Options:"nosniff", X-XSS-Protection:"0", Cache-Control:"no-cache, no-store, max-age=0, must-revalidate", Pragma:"no-cache", Expires:"0", X-Frame-Options:"SAMEORIGIN"]
     Content type = null
             Body = 
    Forwarded URL = null
   Redirected URL = null
          Cookies = []
]]></system-out>
  </testcase>
  <testcase name="testSearchLots" classname="com.clinchain.backend.controller.LotControllerTest" time="0.017">
    <failure message="Status expected:&lt;200&gt; but was:&lt;403&gt;" type="java.lang.AssertionError"><![CDATA[java.lang.AssertionError: Status expected:<200> but was:<403>
	at org.springframework.test.util.AssertionErrors.fail(AssertionErrors.java:59)
	at org.springframework.test.util.AssertionErrors.assertEquals(AssertionErrors.java:122)
	at org.springframework.test.web.servlet.result.StatusResultMatchers.lambda$matcher$9(StatusResultMatchers.java:637)
	at org.springframework.test.web.servlet.MockMvc$1.andExpect(MockMvc.java:214)
	at com.clinchain.backend.controller.LotControllerTest.testSearchLots(LotControllerTest.java:324)
	at java.base/java.lang.reflect.Method.invoke(Method.java:569)
	at java.base/java.util.ArrayList.forEach(ArrayList.java:1511)
	at java.base/java.util.ArrayList.forEach(ArrayList.java:1511)
]]></failure>
    <system-out><![CDATA[
MockHttpServletRequest:
      HTTP Method = GET
      Request URI = /lots
       Parameters = {page=[0], size=[10], status=[CREE_PAR_GROSSISTE], createdBy=[grossiste], medName=[Paracetamol]}
          Headers = [Content-Type:"application/json;charset=UTF-8"]
             Body = null
    Session Attrs = {}

Handler:
             Type = null

Async:
    Async started = false
     Async result = null

Resolved Exception:
             Type = null

ModelAndView:
        View name = null
             View = null
            Model = null

FlashMap:
       Attributes = null

MockHttpServletResponse:
           Status = 403
    Error message = Access Denied
          Headers = [Vary:"Origin", "Access-Control-Request-Method", "Access-Control-Request-Headers", X-Content-Type-Options:"nosniff", X-XSS-Protection:"0", Cache-Control:"no-cache, no-store, max-age=0, must-revalidate", Pragma:"no-cache", Expires:"0", X-Frame-Options:"SAMEORIGIN"]
     Content type = null
             Body = 
    Forwarded URL = null
   Redirected URL = null
          Cookies = []
]]></system-out>
  </testcase>
  <testcase name="testAdministerLot_Success" classname="com.clinchain.backend.controller.LotControllerTest" time="0.113"/>
  <testcase name="testGetAllLots_Paginated" classname="com.clinchain.backend.controller.LotControllerTest" time="0.027"/>
  <testcase name="testCreateLot_Unauthorized" classname="com.clinchain.backend.controller.LotControllerTest" time="0.055">
    <failure message="Status expected:&lt;403&gt; but was:&lt;500&gt;" type="java.lang.AssertionError"><![CDATA[java.lang.AssertionError: Status expected:<403> but was:<500>
	at org.springframework.test.util.AssertionErrors.fail(AssertionErrors.java:59)
	at org.springframework.test.util.AssertionErrors.assertEquals(AssertionErrors.java:122)
	at org.springframework.test.web.servlet.result.StatusResultMatchers.lambda$matcher$9(StatusResultMatchers.java:637)
	at org.springframework.test.web.servlet.MockMvc$1.andExpect(MockMvc.java:214)
	at com.clinchain.backend.controller.LotControllerTest.testCreateLot_Unauthorized(LotControllerTest.java:177)
	at java.base/java.lang.reflect.Method.invoke(Method.java:569)
	at java.base/java.util.ArrayList.forEach(ArrayList.java:1511)
	at java.base/java.util.ArrayList.forEach(ArrayList.java:1511)
]]></failure>
    <system-out><![CDATA[
MockHttpServletRequest:
      HTTP Method = POST
      Request URI = /lots
       Parameters = {}
          Headers = [Content-Type:"application/json;charset=UTF-8", Content-Length:"61"]
             Body = {"medName":"Ibuprofen","quantity":50,"createdBy":"grossiste"}
    Session Attrs = {}

Handler:
             Type = com.clinchain.backend.controller.LotController
           Method = com.clinchain.backend.controller.LotController#createLot(CreateLotRequest)

Async:
    Async started = false
     Async result = null

Resolved Exception:
             Type = org.springframework.security.access.AccessDeniedException

ModelAndView:
        View name = null
             View = null
            Model = null

FlashMap:
       Attributes = null

MockHttpServletResponse:
           Status = 500
    Error message = null
          Headers = [Vary:"Origin", "Access-Control-Request-Method", "Access-Control-Request-Headers", Content-Type:"application/json", X-Content-Type-Options:"nosniff", X-XSS-Protection:"0", Cache-Control:"no-cache, no-store, max-age=0, must-revalidate", Pragma:"no-cache", Expires:"0", X-Frame-Options:"SAMEORIGIN"]
     Content type = application/json
             Body = {"timestamp":"2025-12-22T14:04:12.0609131","status":500,"error":"Internal Server Error","message":"Access Denied","path":"/lots"}
    Forwarded URL = null
   Redirected URL = null
          Cookies = []
]]></system-out>
  </testcase>
  <testcase name="testGetLotById_Success" classname="com.clinchain.backend.controller.LotControllerTest" time="0.01">
    <failure message="Status expected:&lt;200&gt; but was:&lt;403&gt;" type="java.lang.AssertionError"><![CDATA[java.lang.AssertionError: Status expected:<200> but was:<403>
	at org.springframework.test.util.AssertionErrors.fail(AssertionErrors.java:59)
	at org.springframework.test.util.AssertionErrors.assertEquals(AssertionErrors.java:122)
	at org.springframework.test.web.servlet.result.StatusResultMatchers.lambda$matcher$9(StatusResultMatchers.java:637)
	at org.springframework.test.web.servlet.MockMvc$1.andExpect(MockMvc.java:214)
	at com.clinchain.backend.controller.LotControllerTest.testGetLotById_Success(LotControllerTest.java:106)
	at java.base/java.lang.reflect.Method.invoke(Method.java:569)
	at java.base/java.util.ArrayList.forEach(ArrayList.java:1511)
	at java.base/java.util.ArrayList.forEach(ArrayList.java:1511)
]]></failure>
    <system-out><![CDATA[
MockHttpServletRequest:
      HTTP Method = GET
      Request URI = /lots/lot-123
       Parameters = {}
          Headers = [Content-Type:"application/json;charset=UTF-8"]
             Body = null
    Session Attrs = {}

Handler:
             Type = null

Async:
    Async started = false
     Async result = null

Resolved Exception:
             Type = null

ModelAndView:
        View name = null
             View = null
            Model = null

FlashMap:
       Attributes = null

MockHttpServletResponse:
           Status = 403
    Error message = Access Denied
          Headers = [Vary:"Origin", "Access-Control-Request-Method", "Access-Control-Request-Headers", X-Content-Type-Options:"nosniff", X-XSS-Protection:"0", Cache-Control:"no-cache, no-store, max-age=0, must-revalidate", Pragma:"no-cache", Expires:"0", X-Frame-Options:"SAMEORIGIN"]
     Content type = null
             Body = 
    Forwarded URL = null
   Redirected URL = null
          Cookies = []
]]></system-out>
  </testcase>
  <testcase name="testGetAllLots" classname="com.clinchain.backend.controller.LotControllerTest" time="0.05"/>
  <testcase name="testValidateLot_Success" classname="com.clinchain.backend.controller.LotControllerTest" time="0.042"/>
  <testcase name="testCreateLot_Success" classname="com.clinchain.backend.controller.LotControllerTest" time="0.036"/>
  <testcase name="testGetLotById_NotFound" classname="com.clinchain.backend.controller.LotControllerTest" time="0.016">
    <failure message="Status expected:&lt;404&gt; but was:&lt;403&gt;" type="java.lang.AssertionError"><![CDATA[java.lang.AssertionError: Status expected:<404> but was:<403>
	at org.springframework.test.util.AssertionErrors.fail(AssertionErrors.java:59)
	at org.springframework.test.util.AssertionErrors.assertEquals(AssertionErrors.java:122)
	at org.springframework.test.web.servlet.result.StatusResultMatchers.lambda$matcher$9(StatusResultMatchers.java:637)
	at org.springframework.test.web.servlet.MockMvc$1.andExpect(MockMvc.java:214)
	at com.clinchain.backend.controller.LotControllerTest.testGetLotById_NotFound(LotControllerTest.java:120)
	at java.base/java.lang.reflect.Method.invoke(Method.java:569)
	at java.base/java.util.ArrayList.forEach(ArrayList.java:1511)
	at java.base/java.util.ArrayList.forEach(ArrayList.java:1511)
]]></failure>
    <system-out><![CDATA[
MockHttpServletRequest:
      HTTP Method = GET
      Request URI = /lots/non-existent
       Parameters = {}
          Headers = [Content-Type:"application/json;charset=UTF-8"]
             Body = null
    Session Attrs = {}

Handler:
             Type = null

Async:
    Async started = false
     Async result = null

Resolved Exception:
             Type = null

ModelAndView:
        View name = null
             View = null
            Model = null

FlashMap:
       Attributes = null

MockHttpServletResponse:
           Status = 403
    Error message = Access Denied
          Headers = [Vary:"Origin", "Access-Control-Request-Method", "Access-Control-Request-Headers", X-Content-Type-Options:"nosniff", X-XSS-Protection:"0", Cache-Control:"no-cache, no-store, max-age=0, must-revalidate", Pragma:"no-cache", Expires:"0", X-Frame-Options:"SAMEORIGIN"]
     Content type = null
             Body = 
    Forwarded URL = null
   Redirected URL = null
          Cookies = []
]]></system-out>
  </testcase>
  <testcase name="testAddHistory_Success" classname="com.clinchain.backend.controller.LotControllerTest" time="0.073"/>
  <testcase name="testGetBlockchainState" classname="com.clinchain.backend.controller.LotControllerTest" time="0.024">
    <failure message="Status expected:&lt;200&gt; but was:&lt;403&gt;" type="java.lang.AssertionError"><![CDATA[java.lang.AssertionError: Status expected:<200> but was:<403>
	at org.springframework.test.util.AssertionErrors.fail(AssertionErrors.java:59)
	at org.springframework.test.util.AssertionErrors.assertEquals(AssertionErrors.java:122)
	at org.springframework.test.web.servlet.result.StatusResultMatchers.lambda$matcher$9(StatusResultMatchers.java:637)
	at org.springframework.test.web.servlet.MockMvc$1.andExpect(MockMvc.java:214)
	at com.clinchain.backend.controller.LotControllerTest.testGetBlockchainState(LotControllerTest.java:298)
	at java.base/java.lang.reflect.Method.invoke(Method.java:569)
	at java.base/java.util.ArrayList.forEach(ArrayList.java:1511)
	at java.base/java.util.ArrayList.forEach(ArrayList.java:1511)
]]></failure>
    <system-out><![CDATA[
MockHttpServletRequest:
      HTTP Method = GET
      Request URI = /lots/lot-123/blockchain
       Parameters = {}
          Headers = [Content-Type:"application/json;charset=UTF-8"]
             Body = null
    Session Attrs = {}

Handler:
             Type = null

Async:
    Async started = false
     Async result = null

Resolved Exception:
             Type = null

ModelAndView:
        View name = null
             View = null
            Model = null

FlashMap:
       Attributes = null

MockHttpServletResponse:
           Status = 403
    Error message = Access Denied
          Headers = [Vary:"Origin", "Access-Control-Request-Method", "Access-Control-Request-Headers", X-Content-Type-Options:"nosniff", X-XSS-Protection:"0", Cache-Control:"no-cache, no-store, max-age=0, must-revalidate", Pragma:"no-cache", Expires:"0", X-Frame-Options:"SAMEORIGIN"]
     Content type = null
             Body = 
    Forwarded URL = null
   Redirected URL = null
          Cookies = []
]]></system-out>
  </testcase>
  <testcase name="testMarkInPharmacy_Success" classname="com.clinchain.backend.controller.LotControllerTest" time="0.037"/>
  <testcase name="testWithdrawFromLot_Success" classname="com.clinchain.backend.controller.LotControllerTest" time="0.047"/>
</testsuite>