<?xml version="1.0" encoding="UTF-8"?>
<testsuite xmlns:xsi="http://www.w3.org/2001/XMLSchema-instance" xsi:noNamespaceSchemaLocation="https://maven.apache.org/surefire/maven-surefire-plugin/xsd/surefire-test-report-3.0.xsd" version="3.0" name="com.clinchain.backend.exception.GlobalExceptionHandlerTest" time="2.056" tests="3" errors="0" skipped="0" failures="2">
  <properties>
[...]
</properties>
  <testcase name="testResourceNotFoundException_Returns404" classname="com.clinchain.backend.exception.GlobalExceptionHandlerTest" time="0.011">
    <failure message="Status expected:&lt;404&gt; but was:&lt;403&gt;" type="java.lang.AssertionError"><![CDATA[java.lang.AssertionError: Status expected:<404> but was:<403>
	at org.springframework.test.util.AssertionErrors.fail(AssertionErrors.java:59)
	at org.springframework.test.util.AssertionErrors.assertEquals(AssertionErrors.java:122)
	at org.springframework.test.web.servlet.result.StatusResultMatchers.lambda$matcher$9(StatusResultMatchers.java:637)
	at org.springframework.test.web.servlet.MockMvc$1.andExpect(MockMvc.java:214)
	at com.clinchain.backend.exception.GlobalExceptionHandlerTest.testResourceNotFoundException_Returns404(GlobalExceptionHandlerTest.java:25)
	at java.base/java.lang.reflect.Method.invoke(Method.java:569)
	at java.base/java.util.ArrayList.forEach(ArrayList.java:1511)
	at java.base/java.util.ArrayList.forEach(ArrayList.java:1511)
]]></failure>
    <system-out><![CDATA[2025-12-22T15:02:41.573+01:00  INFO 26280 --- [ClinChain Backend] [           main] t.c.s.AnnotationConfigContextLoaderUtils : Could not detect default configuration classes for test class [com.clinchain.backend.exception.GlobalExceptionHandlerTest]: GlobalExceptionHandlerTest does not declare any static, non-private, non-final, nested classes annotated with @Configuration.
2025-12-22T15:02:41.585+01:00  INFO 26280 --- [ClinChain Backend] [           main] .b.t.c.SpringBootTestContextBootstrapper : Found @SpringBootConfiguration com.clinchain.backend.BackendApplication for test class com.clinchain.backend.exception.GlobalExceptionHandlerTest

  .   ____          _            __ _ _
 /\\ / ___'_ __ _ _(_)_ __  __ _ \ \ \ \
( ( )\___ | '_ | '_| | '_ \/ _` | \ \ \ \
 \\/  ___)| |_)| | | | | || (_| |  ) ) ) )
  '  |____| .__|_| |_|_| |_\__, | / / / /
 =========|_|==============|___/=/_/_/_/
 :: Spring Boot ::                (v3.2.0)

2025-12-22T15:02:41.608+01:00  INFO 26280 --- [ClinChain Backend] [           main] c.c.b.e.GlobalExceptionHandlerTest       : Starting GlobalExceptionHandlerTest using Java 17.0.16 with PID 26280 (started by samie in C:\Users\sami\Desktop\5MG\Flutter\backend-blockchain)
2025-12-22T15:02:41.609+01:00 DEBUG 26280 --- [ClinChain Backend] [           main] c.c.b.e.GlobalExceptionHandlerTest       : Running with Spring Boot v3.2.0, Spring v6.1.1
2025-12-22T15:02:41.609+01:00  INFO 26280 --- [ClinChain Backend] [           main] c.c.b.e.GlobalExceptionHandlerTest       : No active profile set, falling back to 1 default profile: "default"
2025-12-22T15:02:42.041+01:00  INFO 26280 --- [ClinChain Backend] [           main] .s.d.r.c.RepositoryConfigurationDelegate : Bootstrapping Spring Data JPA repositories in DEFAULT mode.
2025-12-22T15:02:42.066+01:00  INFO 26280 --- [ClinChain Backend] [           main] .s.d.r.c.RepositoryConfigurationDelegate : Finished Spring Data repository scanning in 25 ms. Found 3 JPA repository interfaces.
2025-12-22T15:02:42.212+01:00  INFO 26280 --- [ClinChain Backend] [           main] o.hibernate.jpa.internal.util.LogHelper  : HHH000204: Processing PersistenceUnitInfo [name: default]
2025-12-22T15:02:42.221+01:00  INFO 26280 --- [ClinChain Backend] [           main] o.h.c.internal.RegionFactoryInitiator    : HHH000026: Second-level cache disabled
2025-12-22T15:02:42.229+01:00  INFO 26280 --- [ClinChain Backend] [           main] o.s.o.j.p.SpringPersistenceUnitInfo      : No LoadTimeWeaver setup: ignoring JPA class transformer
2025-12-22T15:02:42.231+01:00  INFO 26280 --- [ClinChain Backend] [           main] com.zaxxer.hikari.HikariDataSource       : HikariPool-3 - Starting...
2025-12-22T15:02:42.233+01:00  INFO 26280 --- [ClinChain Backend] [           main] com.zaxxer.hikari.pool.HikariPool        : HikariPool-3 - Added connection conn20: url=jdbc:h2:mem:clinchain_db user=SA
2025-12-22T15:02:42.233+01:00  INFO 26280 --- [ClinChain Backend] [           main] com.zaxxer.hikari.HikariDataSource       : HikariPool-3 - Start completed.
2025-12-22T15:02:42.233+01:00  WARN 26280 --- [ClinChain Backend] [           main] org.hibernate.orm.deprecation            : HHH90000025: H2Dialect does not need to be specified explicitly using 'hibernate.dialect' (remove the property setting and it will be selected by default)
2025-12-22T15:02:42.316+01:00  INFO 26280 --- [ClinChain Backend] [           main] o.h.e.t.j.p.i.JtaPlatformInitiator       : HHH000489: No JTA platform available (set 'hibernate.transaction.jta.platform' to enable JTA platform integration)
2025-12-22T15:02:42.317+01:00 DEBUG 26280 --- [ClinChain Backend] [           main] org.hibernate.SQL                        : 
    drop table if exists lot_history cascade 
Hibernate: 
    drop table if exists lot_history cascade 
2025-12-22T15:02:42.319+01:00 DEBUG 26280 --- [ClinChain Backend] [           main] org.hibernate.SQL                        : 
    drop table if exists lots cascade 
Hibernate: 
    drop table if exists lots cascade 
2025-12-22T15:02:42.320+01:00 DEBUG 26280 --- [ClinChain Backend] [           main] org.hibernate.SQL                        : 
    drop table if exists users cascade 
Hibernate: 
    drop table if exists users cascade 
2025-12-22T15:02:42.321+01:00 DEBUG 26280 --- [ClinChain Backend] [           main] org.hibernate.SQL                        : 
    create table lot_history (
        id bigint generated by default as identity,
        timestamp timestamp(6) not null,
        actor varchar(50) not null,
        action varchar(255) not null,
        lot_id varchar(255) not null,
        primary key (id)
    )
Hibernate: 
    create table lot_history (
        id bigint generated by default as identity,
        timestamp timestamp(6) not null,
        actor varchar(50) not null,
        action varchar(255) not null,
        lot_id varchar(255) not null,
        primary key (id)
    )
2025-12-22T15:02:42.323+01:00 DEBUG 26280 --- [ClinChain Backend] [           main] org.hibernate.SQL                        : 
    create table lots (
        quantity integer not null,
        validated boolean not null,
        created_at timestamp(6) not null,
        created_by varchar(50) not null,
        status varchar(50) not null check (status in ('CREE_PAR_GROSSISTE','VALIDE_PAR_HOPITAL','EN_STOCK_PHARMACIE','ADMINISTRE')),
        id varchar(255) not null,
        med_name varchar(255) not null,
        primary key (id)
    )
Hibernate: 
    create table lots (
        quantity integer not null,
        validated boolean not null,
        created_at timestamp(6) not null,
        created_by varchar(50) not null,
        status varchar(50) not null check (status in ('CREE_PAR_GROSSISTE','VALIDE_PAR_HOPITAL','EN_STOCK_PHARMACIE','ADMINISTRE')),
        id varchar(255) not null,
        med_name varchar(255) not null,
        primary key (id)
    )
2025-12-22T15:02:42.325+01:00 DEBUG 26280 --- [ClinChain Backend] [           main] org.hibernate.SQL                        : 
    create table users (
        role varchar(20) not null check (role in ('GROSSISTE','HOPITALE','PHARMACIEN','INFIRMIER')),
        username varchar(50) not null unique,
        id varchar(255) not null,
        password varchar(255) not null,
        primary key (id)
    )
Hibernate: 
    create table users (
        role varchar(20) not null check (role in ('GROSSISTE','HOPITALE','PHARMACIEN','INFIRMIER')),
        username varchar(50) not null unique,
        id varchar(255) not null,
        password varchar(255) not null,
        primary key (id)
    )
2025-12-22T15:02:42.326+01:00 DEBUG 26280 --- [ClinChain Backend] [           main] org.hibernate.SQL                        : 
    alter table if exists lot_history 
       add constraint FK4gwybo79k6na4a59dc5rhfc9q 
       foreign key (lot_id) 
       references lots
Hibernate: 
    alter table if exists lot_history 
       add constraint FK4gwybo79k6na4a59dc5rhfc9q 
       foreign key (lot_id) 
       references lots
2025-12-22T15:02:42.331+01:00  INFO 26280 --- [ClinChain Backend] [           main] j.LocalContainerEntityManagerFactoryBean : Initialized JPA EntityManagerFactory for persistence unit 'default'
2025-12-22T15:02:42.538+01:00  WARN 26280 --- [ClinChain Backend] [           main] JpaBaseConfiguration$JpaWebConfiguration : spring.jpa.open-in-view is enabled by default. Therefore, database queries may be performed during view rendering. Explicitly configure spring.jpa.open-in-view to disable this warning
2025-12-22T15:02:42.549+01:00  WARN 26280 --- [ClinChain Backend] [           main] .s.s.UserDetailsServiceAutoConfiguration : 

Using generated security password: db88e4a0-7e13-42ca-89ef-07d639eaed5c

This generated password is for development use only. Your security configuration must be updated before running your application in production.

2025-12-22T15:02:42.674+01:00  INFO 26280 --- [ClinChain Backend] [           main] o.s.s.web.DefaultSecurityFilterChain     : Will secure any request with [org.springframework.security.web.session.DisableEncodeUrlFilter@114fa25b, org.springframework.security.web.context.request.async.WebAsyncManagerIntegrationFilter@54595220, org.springframework.security.web.context.SecurityContextHolderFilter@49899a52, org.springframework.security.web.header.HeaderWriterFilter@6d223cb2, org.springframework.web.filter.CorsFilter@53e83eb0, org.springframework.security.web.authentication.logout.LogoutFilter@4982963, com.clinchain.backend.config.JwtAuthenticationFilter@3ea65cf6, org.springframework.security.web.savedrequest.RequestCacheAwareFilter@27ae87ab, org.springframework.security.web.servletapi.SecurityContextHolderAwareRequestFilter@5b95e840, org.springframework.security.web.authentication.AnonymousAuthenticationFilter@40b9696a, org.springframework.security.web.session.SessionManagementFilter@1ed88a33, org.springframework.security.web.access.ExceptionTranslationFilter@61e1e505, org.springframework.security.web.access.intercept.AuthorizationFilter@23fb50c7]
2025-12-22T15:02:42.827+01:00  INFO 26280 --- [ClinChain Backend] [           main] o.s.b.a.h2.H2ConsoleAutoConfiguration    : H2 console available at '/h2-console'. Database available at 'jdbc:h2:mem:clinchain_db'
2025-12-22T15:02:42.866+01:00 DEBUG 26280 --- [ClinChain Backend] [           main] c.c.b.config.JwtAuthenticationFilter     : Filter 'jwtAuthenticationFilter' configured for use
2025-12-22T15:02:42.867+01:00  INFO 26280 --- [ClinChain Backend] [           main] o.s.b.t.m.w.SpringBootMockServletContext : Initializing Spring TestDispatcherServlet ''
2025-12-22T15:02:42.867+01:00  INFO 26280 --- [ClinChain Backend] [           main] o.s.t.web.servlet.TestDispatcherServlet  : Initializing Servlet ''
2025-12-22T15:02:42.869+01:00  INFO 26280 --- [ClinChain Backend] [           main] o.s.t.web.servlet.TestDispatcherServlet  : Completed initialization in 1 ms
2025-12-22T15:02:42.884+01:00  INFO 26280 --- [ClinChain Backend] [           main] c.c.b.e.GlobalExceptionHandlerTest       : Started GlobalExceptionHandlerTest in 1.294 seconds (process running for 15.914)
2025-12-22T15:02:42.887+01:00 DEBUG 26280 --- [ClinChain Backend] [           main] org.hibernate.SQL                        : 
    select
        count(*) 
    from
        users u1_0
Hibernate: 
    select
        count(*) 
    from
        users u1_0
2025-12-22T15:02:42.890+01:00  INFO 26280 --- [ClinChain Backend] [           main] c.clinchain.backend.config.DataSeeder    : Seeding default users...
2025-12-22T15:02:43.072+01:00 DEBUG 26280 --- [ClinChain Backend] [           main] org.hibernate.SQL                        : 
    select
        u1_0.id,
        u1_0.password,
        u1_0.role,
        u1_0.username 
    from
        users u1_0 
    where
        u1_0.id=?
Hibernate: 
    select
        u1_0.id,
        u1_0.password,
        u1_0.role,
        u1_0.username 
    from
        users u1_0 
    where
        u1_0.id=?
2025-12-22T15:02:43.077+01:00 DEBUG 26280 --- [ClinChain Backend] [           main] org.hibernate.SQL                        : 
    insert 
    into
        users
        (password, role, username, id) 
    values
        (?, ?, ?, ?)
Hibernate: 
    insert 
    into
        users
        (password, role, username, id) 
    values
        (?, ?, ?, ?)
2025-12-22T15:02:43.248+01:00 DEBUG 26280 --- [ClinChain Backend] [           main] org.hibernate.SQL                        : 
    select
        u1_0.id,
        u1_0.password,
        u1_0.role,
        u1_0.username 
    from
        users u1_0 
    where
        u1_0.id=?
Hibernate: 
    select
        u1_0.id,
        u1_0.password,
        u1_0.role,
        u1_0.username 
    from
        users u1_0 
    where
        u1_0.id=?
2025-12-22T15:02:43.250+01:00 DEBUG 26280 --- [ClinChain Backend] [           main] org.hibernate.SQL                        : 
    insert 
    into
        users
        (password, role, username, id) 
    values
        (?, ?, ?, ?)
Hibernate: 
    insert 
    into
        users
        (password, role, username, id) 
    values
        (?, ?, ?, ?)
2025-12-22T15:02:43.415+01:00 DEBUG 26280 --- [ClinChain Backend] [           main] org.hibernate.SQL                        : 
    select
        u1_0.id,
        u1_0.password,
        u1_0.role,
        u1_0.username 
    from
        users u1_0 
    where
        u1_0.id=?
Hibernate: 
    select
        u1_0.id,
        u1_0.password,
        u1_0.role,
        u1_0.username 
    from
        users u1_0 
    where
        u1_0.id=?
2025-12-22T15:02:43.417+01:00 DEBUG 26280 --- [ClinChain Backend] [           main] org.hibernate.SQL                        : 
    insert 
    into
        users
        (password, role, username, id) 
    values
        (?, ?, ?, ?)
Hibernate: 
    insert 
    into
        users
        (password, role, username, id) 
    values
        (?, ?, ?, ?)
2025-12-22T15:02:43.570+01:00 DEBUG 26280 --- [ClinChain Backend] [           main] org.hibernate.SQL                        : 
    select
        u1_0.id,
        u1_0.password,
        u1_0.role,
        u1_0.username 
    from
        users u1_0 
    where
        u1_0.id=?
Hibernate: 
    select
        u1_0.id,
        u1_0.password,
        u1_0.role,
        u1_0.username 
    from
        users u1_0 
    where
        u1_0.id=?
2025-12-22T15:02:43.572+01:00 DEBUG 26280 --- [ClinChain Backend] [           main] org.hibernate.SQL                        : 
    insert 
    into
        users
        (password, role, username, id) 
    values
        (?, ?, ?, ?)
Hibernate: 
    insert 
    into
        users
        (password, role, username, id) 
    values
        (?, ?, ?, ?)
2025-12-22T15:02:43.573+01:00  INFO 26280 --- [ClinChain Backend] [           main] c.clinchain.backend.config.DataSeeder    : ? Default users created successfully:
2025-12-22T15:02:43.573+01:00  INFO 26280 --- [ClinChain Backend] [           main] c.clinchain.backend.config.DataSeeder    :    - grossiste/password (GROSSISTE)
2025-12-22T15:02:43.573+01:00  INFO 26280 --- [ClinChain Backend] [           main] c.clinchain.backend.config.DataSeeder    :    - hopitale/password (HOPITALE)
2025-12-22T15:02:43.573+01:00  INFO 26280 --- [ClinChain Backend] [           main] c.clinchain.backend.config.DataSeeder    :    - pharmacien/password (PHARMACIEN)
2025-12-22T15:02:43.573+01:00  INFO 26280 --- [ClinChain Backend] [           main] c.clinchain.backend.config.DataSeeder    :    - infirmier/password (INFIRMIER)

MockHttpServletRequest:
      HTTP Method = GET
      Request URI = /lots/non-existent-lot-id
       Parameters = {}
          Headers = [Content-Type:"application/json;charset=UTF-8"]
             Body = null
    Session Attrs = {}

Handler:
             Type = null

Async:
    Async started = false
     Async result = null

Resolved Exception:
             Type = null

ModelAndView:
        View name = null
             View = null
            Model = null

FlashMap:
       Attributes = null

MockHttpServletResponse:
           Status = 403
    Error message = Access Denied
          Headers = [Vary:"Origin", "Access-Control-Request-Method", "Access-Control-Request-Headers", X-Content-Type-Options:"nosniff", X-XSS-Protection:"0", Cache-Control:"no-cache, no-store, max-age=0, must-revalidate", Pragma:"no-cache", Expires:"0", X-Frame-Options:"SAMEORIGIN"]
     Content type = null
             Body = 
    Forwarded URL = null
   Redirected URL = null
          Cookies = []
]]></system-out>
  </testcase>
  <testcase name="testMethodArgumentNotValid_Returns400" classname="com.clinchain.backend.exception.GlobalExceptionHandlerTest" time="0.032"/>
  <testcase name="testUnauthorizedException_Returns401" classname="com.clinchain.backend.exception.GlobalExceptionHandlerTest" time="0.006">
    <failure message="Status expected:&lt;401&gt; but was:&lt;403&gt;" type="java.lang.AssertionError"><![CDATA[java.lang.AssertionError: Status expected:<401> but was:<403>
	at org.springframework.test.util.AssertionErrors.fail(AssertionErrors.java:59)
	at org.springframework.test.util.AssertionErrors.assertEquals(AssertionErrors.java:122)
	at org.springframework.test.web.servlet.result.StatusResultMatchers.lambda$matcher$9(StatusResultMatchers.java:637)
	at org.springframework.test.web.servlet.MockMvc$1.andExpect(MockMvc.java:214)
	at com.clinchain.backend.exception.GlobalExceptionHandlerTest.testUnauthorizedException_Returns401(GlobalExceptionHandlerTest.java:35)
	at java.base/java.lang.reflect.Method.invoke(Method.java:569)
	at java.base/java.util.ArrayList.forEach(ArrayList.java:1511)
	at java.base/java.util.ArrayList.forEach(ArrayList.java:1511)
]]></failure>
    <system-out><![CDATA[
MockHttpServletRequest:
      HTTP Method = GET
      Request URI = /auth/me
       Parameters = {}
          Headers = [Content-Type:"application/json;charset=UTF-8"]
             Body = null
    Session Attrs = {}

Handler:
             Type = null

Async:
    Async started = false
     Async result = null

Resolved Exception:
             Type = null

ModelAndView:
        View name = null
             View = null
            Model = null

FlashMap:
       Attributes = null

MockHttpServletResponse:
           Status = 403
    Error message = Access Denied
          Headers = [Vary:"Origin", "Access-Control-Request-Method", "Access-Control-Request-Headers", X-Content-Type-Options:"nosniff", X-XSS-Protection:"0", Cache-Control:"no-cache, no-store, max-age=0, must-revalidate", Pragma:"no-cache", Expires:"0", X-Frame-Options:"SAMEORIGIN"]
     Content type = null
             Body = 
    Forwarded URL = null
   Redirected URL = null
          Cookies = []
]]></system-out>
  </testcase>
</testsuite>